<?xml version="1.0" encoding="UTF-8"?>
<coverage generated="1501414470766" clover="3.2.0">
  <project timestamp="1501414470766" name="All files">
    <metrics statements="38" coveredstatements="20" conditionals="2" coveredconditionals="0" methods="14" coveredmethods="5" elements="54" coveredelements="25" complexity="0" loc="38" ncloc="38" packages="4" files="6" classes="6">
      <package name="actions">
        <metrics statements="8" coveredstatements="8" conditionals="0" coveredconditionals="0" methods="0" coveredmethods="0"/>
        <file name="actionTypes.js" path="C:\Users\xin\Documents\GitHub\WeatherDataForFun\client\app\actions\actionTypes.js">
          <metrics statements="4" coveredstatements="4" conditionals="0" coveredconditionals="0" methods="0" coveredmethods="0"/>
          <line num="2" count="1" type="stmt"/>
          <line num="3" count="1" type="stmt"/>
          <line num="4" count="1" type="stmt"/>
          <line num="5" count="1" type="stmt"/>
        </file>
        <file name="cityCountryAction.js" path="C:\Users\xin\Documents\GitHub\WeatherDataForFun\client\app\actions\cityCountryAction.js">
          <metrics statements="4" coveredstatements="4" conditionals="0" coveredconditionals="0" methods="0" coveredmethods="0"/>
          <line num="4" count="1" type="stmt"/>
          <line num="5" count="1" type="stmt"/>
          <line num="6" count="1" type="stmt"/>
          <line num="7" count="1" type="stmt"/>
        </file>
      </package>
      <package name="components">
        <metrics statements="21" coveredstatements="6" conditionals="2" coveredconditionals="0" methods="11" coveredmethods="2"/>
        <file name="countryCity.js" path="C:\Users\xin\Documents\GitHub\WeatherDataForFun\client\app\components\countryCity.js">
          <metrics statements="21" coveredstatements="6" conditionals="2" coveredconditionals="0" methods="11" coveredmethods="2"/>
          <line num="11" count="1" type="stmt"/>
          <line num="12" count="1" type="stmt"/>
          <line num="19" count="0" type="stmt"/>
          <line num="20" count="0" type="stmt"/>
          <line num="23" count="0" type="stmt"/>
          <line num="27" count="0" type="stmt"/>
          <line num="28" count="0" type="stmt"/>
          <line num="32" count="0" type="stmt"/>
          <line num="36" count="0" type="stmt"/>
          <line num="40" count="0" type="cond" truecount="0" falsecount="2"/>
          <line num="41" count="0" type="stmt"/>
          <line num="43" count="0" type="stmt"/>
          <line num="59" count="1" type="stmt"/>
          <line num="60" count="1" type="stmt"/>
          <line num="61" count="1" type="stmt"/>
          <line num="65" count="0" type="stmt"/>
          <line num="68" count="0" type="stmt"/>
          <line num="70" count="0" type="stmt"/>
          <line num="92" count="1" type="stmt"/>
          <line num="100" count="0" type="stmt"/>
          <line num="108" count="0" type="stmt"/>
        </file>
      </package>
      <package name="jest">
        <metrics statements="1" coveredstatements="1" conditionals="0" coveredconditionals="0" methods="0" coveredmethods="0"/>
        <file name="styleMock.js" path="C:\Users\xin\Documents\GitHub\WeatherDataForFun\client\app\jest\styleMock.js">
          <metrics statements="1" coveredstatements="1" conditionals="0" coveredconditionals="0" methods="0" coveredmethods="0"/>
          <line num="1" count="1" type="stmt"/>
        </file>
      </package>
      <package name="tests">
        <metrics statements="8" coveredstatements="5" conditionals="0" coveredconditionals="0" methods="3" coveredmethods="3"/>
        <file name="countryCity.js" path="C:\Users\xin\Documents\GitHub\WeatherDataForFun\client\app\tests\countryCity.js">
          <metrics statements="5" coveredstatements="2" conditionals="0" coveredconditionals="0" methods="1" coveredmethods="1"/>
          <line num="8" count="1" type="stmt"/>
          <line num="13" count="1" type="stmt"/>
          <line num="17" count="0" type="stmt"/>
          <line num="19" count="0" type="stmt"/>
          <line num="20" count="0" type="stmt"/>
        </file>
        <file name="sample.js" path="C:\Users\xin\Documents\GitHub\WeatherDataForFun\client\app\tests\sample.js">
          <metrics statements="3" coveredstatements="3" conditionals="0" coveredconditionals="0" methods="2" coveredmethods="2"/>
          <line num="2" count="1" type="stmt"/>
          <line num="5" count="1" type="stmt"/>
          <line num="6" count="1" type="stmt"/>
        </file>
      </package>
    </metrics>
  </project>
</coverage>
