<?xml version="1.0" encoding="UTF-8"?>
<coverage generated="1500897640947" clover="3.2.0">
  <project timestamp="1500897640947" name="All files">
    <metrics statements="3" coveredstatements="3" conditionals="0" coveredconditionals="0" methods="2" coveredmethods="2" elements="5" coveredelements="5" complexity="0" loc="3" ncloc="3" packages="1" files="1" classes="1">
      <file name="sample.js" path="C:\Users\xin\Documents\GitHub\WeatherDataForFun\client\app\tests\sample.js">
        <metrics statements="3" coveredstatements="3" conditionals="0" coveredconditionals="0" methods="2" coveredmethods="2"/>
        <line num="2" count="1" type="stmt"/>
        <line num="5" count="1" type="stmt"/>
        <line num="6" count="1" type="stmt"/>
      </file>
    </metrics>
  </project>
</coverage>
