{"/Users/xinxinli/Documents/Github/WeatherDataForFun/client/app/actions/actionTypes.js": {"path":"/Users/xinxinli/Documents/Github/WeatherDataForFun/client/app/actions/actionTypes.js","statementMap":{"0":{"start":{"line":2,"column":35},"end":{"line":2,"column":56}},"1":{"start":{"line":3,"column":43},"end":{"line":3,"column":72}},"2":{"start":{"line":4,"column":35},"end":{"line":4,"column":56}},"3":{"start":{"line":5,"column":43},"end":{"line":5,"column":72}}},"fnMap":{},"branchMap":{},"s":{"0":1,"1":1,"2":1,"3":1},"f":{},"b":{},"_coverageSchema":"332fd63041d2c1bcb487cc26dd0d5f7d97098a6c","hash":"47470d83f538e1c441d790b8051b7ae153b77b81"}
,"/Users/xinxinli/Documents/Github/WeatherDataForFun/client/app/actions/cityCountryAction.js": {"path":"/Users/xinxinli/Documents/Github/WeatherDataForFun/client/app/actions/cityCountryAction.js","statementMap":{"0":{"start":{"line":4,"column":30},"end":{"line":4,"column":75}},"1":{"start":{"line":5,"column":37},"end":{"line":5,"column":90}},"2":{"start":{"line":6,"column":32},"end":{"line":6,"column":77}},"3":{"start":{"line":7,"column":39},"end":{"line":7,"column":92}}},"fnMap":{},"branchMap":{},"s":{"0":1,"1":1,"2":1,"3":1},"f":{},"b":{},"_coverageSchema":"332fd63041d2c1bcb487cc26dd0d5f7d97098a6c","hash":"f57b8117163b34e12efa50675b24b6487f629516"}
,"/Users/xinxinli/Documents/Github/WeatherDataForFun/client/app/components/countryCity.js": {"path":"/Users/xinxinli/Documents/Github/WeatherDataForFun/client/app/components/countryCity.js","statementMap":{"0":{"start":{"line":11,"column":4},"end":{"line":11,"column":17}},"1":{"start":{"line":12,"column":4},"end":{"line":15,"column":6}},"2":{"start":{"line":19,"column":4},"end":{"line":19,"column":47}},"3":{"start":{"line":20,"column":20},"end":{"line":22,"column":5}},"4":{"start":{"line":23,"column":4},"end":{"line":23,"column":41}},"5":{"start":{"line":27,"column":4},"end":{"line":27,"column":52}},"6":{"start":{"line":28,"column":20},"end":{"line":31,"column":5}},"7":{"start":{"line":32,"column":4},"end":{"line":32,"column":39}},"8":{"start":{"line":36,"column":4},"end":{"line":36,"column":23}},"9":{"start":{"line":40,"column":4},"end":{"line":42,"column":5}},"10":{"start":{"line":41,"column":6},"end":{"line":41,"column":18}},"11":{"start":{"line":43,"column":4},"end":{"line":55,"column":6}},"12":{"start":{"line":59,"column":19},"end":{"line":59,"column":36}},"13":{"start":{"line":60,"column":20},"end":{"line":60,"column":38}},"14":{"start":{"line":61,"column":4},"end":{"line":88,"column":6}},"15":{"start":{"line":65,"column":106},"end":{"line":65,"column":130}},"16":{"start":{"line":68,"column":66},"end":{"line":68,"column":90}},"17":{"start":{"line":70,"column":24},"end":{"line":70,"column":60}},"18":{"start":{"line":92,"column":0},"end":{"line":97,"column":2}},"19":{"start":{"line":100,"column":2},"end":{"line":103,"column":4}},"20":{"start":{"line":108,"column":2},"end":{"line":108,"column":76}}},"fnMap":{"0":{"name":"(anonymous_0)","decl":{"start":{"line":10,"column":2},"end":{"line":10,"column":3}},"loc":{"start":{"line":10,"column":21},"end":{"line":16,"column":3}},"line":10},"1":{"name":"(anonymous_1)","decl":{"start":{"line":18,"column":2},"end":{"line":18,"column":3}},"loc":{"start":{"line":18,"column":22},"end":{"line":24,"column":3}},"line":18},"2":{"name":"(anonymous_2)","decl":{"start":{"line":26,"column":2},"end":{"line":26,"column":3}},"loc":{"start":{"line":26,"column":22},"end":{"line":33,"column":3}},"line":26},"3":{"name":"(anonymous_3)","decl":{"start":{"line":35,"column":2},"end":{"line":35,"column":3}},"loc":{"start":{"line":35,"column":18},"end":{"line":37,"column":3}},"line":35},"4":{"name":"(anonymous_4)","decl":{"start":{"line":39,"column":2},"end":{"line":39,"column":3}},"loc":{"start":{"line":39,"column":25},"end":{"line":56,"column":3}},"line":39},"5":{"name":"(anonymous_5)","decl":{"start":{"line":58,"column":2},"end":{"line":58,"column":3}},"loc":{"start":{"line":58,"column":11},"end":{"line":89,"column":3}},"line":58},"6":{"name":"(anonymous_6)","decl":{"start":{"line":65,"column":99},"end":{"line":65,"column":100}},"loc":{"start":{"line":65,"column":106},"end":{"line":65,"column":130}},"line":65},"7":{"name":"(anonymous_7)","decl":{"start":{"line":68,"column":59},"end":{"line":68,"column":60}},"loc":{"start":{"line":68,"column":66},"end":{"line":68,"column":90}},"line":68},"8":{"name":"(anonymous_8)","decl":{"start":{"line":69,"column":34},"end":{"line":69,"column":35}},"loc":{"start":{"line":69,"column":39},"end":{"line":71,"column":23}},"line":69},"9":{"name":"mapStateToProps","decl":{"start":{"line":99,"column":9},"end":{"line":99,"column":24}},"loc":{"start":{"line":99,"column":32},"end":{"line":104,"column":1}},"line":99},"10":{"name":"matchDispatchToProps","decl":{"start":{"line":107,"column":9},"end":{"line":107,"column":29}},"loc":{"start":{"line":107,"column":40},"end":{"line":109,"column":1}},"line":107}},"branchMap":{"0":{"loc":{"start":{"line":40,"column":4},"end":{"line":42,"column":5}},"type":"if","locations":[{"start":{"line":40,"column":4},"end":{"line":42,"column":5}},{"start":{"line":40,"column":4},"end":{"line":42,"column":5}}],"line":40}},"s":{"0":1,"1":1,"2":0,"3":0,"4":0,"5":0,"6":0,"7":0,"8":0,"9":0,"10":0,"11":0,"12":1,"13":1,"14":1,"15":0,"16":0,"17":0,"18":1,"19":0,"20":0},"f":{"0":1,"1":0,"2":0,"3":0,"4":0,"5":1,"6":0,"7":0,"8":0,"9":0,"10":0},"b":{"0":[0,0]},"_coverageSchema":"332fd63041d2c1bcb487cc26dd0d5f7d97098a6c","hash":"26b162a34379fb94ee1724f02df758025b149df2"}
,"/Users/xinxinli/Documents/Github/WeatherDataForFun/client/app/jest/styleMock.js": {"path":"/Users/xinxinli/Documents/Github/WeatherDataForFun/client/app/jest/styleMock.js","statementMap":{"0":{"start":{"line":1,"column":0},"end":{"line":1,"column":20}}},"fnMap":{},"branchMap":{},"s":{"0":1},"f":{},"b":{},"_coverageSchema":"332fd63041d2c1bcb487cc26dd0d5f7d97098a6c","hash":"d436c0ad3ba951069e6d8ec41211d2965cf323ba"}
}
