TN:
SF:C:\Users\xin\Documents\GitHub\WeatherDataForFun\client\app\actions\actionTypes.js
FNF:0
FNH:0
DA:2,1
DA:3,1
DA:4,1
DA:5,1
LF:4
LH:4
BRF:0
BRH:0
end_of_record
TN:
SF:C:\Users\xin\Documents\GitHub\WeatherDataForFun\client\app\actions\cityCountryAction.js
FNF:0
FNH:0
DA:4,1
DA:5,1
DA:6,1
DA:7,1
LF:4
LH:4
BRF:0
BRH:0
end_of_record
TN:
SF:C:\Users\xin\Documents\GitHub\WeatherDataForFun\client\app\components\countryCity.js
FN:10,(anonymous_0)
FN:18,(anonymous_1)
FN:26,(anonymous_2)
FN:35,(anonymous_3)
FN:39,(anonymous_4)
FN:58,(anonymous_5)
FN:65,(anonymous_6)
FN:68,(anonymous_7)
FN:69,(anonymous_8)
FN:99,mapStateToProps
FN:107,matchDispatchToProps
FNF:11
FNH:2
FNDA:1,(anonymous_0)
FNDA:0,(anonymous_1)
FNDA:0,(anonymous_2)
FNDA:0,(anonymous_3)
FNDA:0,(anonymous_4)
FNDA:1,(anonymous_5)
FNDA:0,(anonymous_6)
FNDA:0,(anonymous_7)
FNDA:0,(anonymous_8)
FNDA:0,mapStateToProps
FNDA:0,matchDispatchToProps
DA:11,1
DA:12,1
DA:19,0
DA:20,0
DA:23,0
DA:27,0
DA:28,0
DA:32,0
DA:36,0
DA:40,0
DA:41,0
DA:43,0
DA:59,1
DA:60,1
DA:61,1
DA:65,0
DA:68,0
DA:70,0
DA:92,1
DA:100,0
DA:108,0
LF:21
LH:6
BRDA:40,0,0,0
BRDA:40,0,1,0
BRF:2
BRH:0
end_of_record
TN:
SF:C:\Users\xin\Documents\GitHub\WeatherDataForFun\client\app\jest\styleMock.js
FNF:0
FNH:0
DA:1,1
LF:1
LH:1
BRF:0
BRH:0
end_of_record
TN:
SF:C:\Users\xin\Documents\GitHub\WeatherDataForFun\client\app\tests\countryCity.js
FN:8,(anonymous_0)
FNF:1
FNH:1
FNDA:1,(anonymous_0)
DA:8,1
DA:13,1
DA:17,0
DA:19,0
DA:20,0
LF:5
LH:2
BRF:0
BRH:0
end_of_record
TN:
SF:C:\Users\xin\Documents\GitHub\WeatherDataForFun\client\app\tests\sample.js
FN:1,sum
FN:5,(anonymous_1)
FNF:2
FNH:2
FNDA:1,sum
FNDA:1,(anonymous_1)
DA:2,1
DA:5,1
DA:6,1
LF:3
LH:3
BRF:0
BRH:0
end_of_record
